{"/Users/aarushiagarwal/Desktop/deploy-pipeline/deployment-pipeline-platform-backend/build-server/script.js": {"path":"/Users/aarushiagarwal/Desktop/deploy-pipeline/deployment-pipeline-platform-backend/build-server/script.js","statementMap":{"0":{"start":{"line":1,"column":17},"end":{"line":1,"column":41}},"1":{"start":{"line":2,"column":13},"end":{"line":2,"column":28}},"2":{"start":{"line":3,"column":11},"end":{"line":3,"column":24}},"3":{"start":{"line":4,"column":39},"end":{"line":4,"column":68}},"4":{"start":{"line":5,"column":13},"end":{"line":5,"column":34}},"5":{"start":{"line":6,"column":0},"end":{"line":6,"column":27}},"6":{"start":{"line":8,"column":17},"end":{"line":14,"column":2}},"7":{"start":{"line":16,"column":19},"end":{"line":16,"column":41}},"8":{"start":{"line":17,"column":17},"end":{"line":17,"column":47}},"9":{"start":{"line":20,"column":4},"end":{"line":20,"column":44}},"10":{"start":{"line":22,"column":23},"end":{"line":22,"column":53}},"11":{"start":{"line":25,"column":4},"end":{"line":25,"column":41}},"12":{"start":{"line":26,"column":4},"end":{"line":31,"column":7}},"13":{"start":{"line":27,"column":8},"end":{"line":30,"column":11}},"14":{"start":{"line":28,"column":12},"end":{"line":28,"column":40}},"15":{"start":{"line":28,"column":21},"end":{"line":28,"column":40}},"16":{"start":{"line":29,"column":12},"end":{"line":29,"column":22}},"17":{"start":{"line":33,"column":4},"end":{"line":33,"column":38}},"18":{"start":{"line":36,"column":4},"end":{"line":36,"column":59}},"19":{"start":{"line":37,"column":14},"end":{"line":37,"column":70}},"20":{"start":{"line":39,"column":4},"end":{"line":39,"column":64}},"21":{"start":{"line":39,"column":34},"end":{"line":39,"column":62}},"22":{"start":{"line":40,"column":4},"end":{"line":40,"column":77}},"23":{"start":{"line":40,"column":35},"end":{"line":40,"column":75}},"24":{"start":{"line":42,"column":4},"end":{"line":67,"column":7}},"25":{"start":{"line":43,"column":8},"end":{"line":43,"column":38}},"26":{"start":{"line":45,"column":31},"end":{"line":45,"column":60}},"27":{"start":{"line":46,"column":22},"end":{"line":46,"column":73}},"28":{"start":{"line":49,"column":8},"end":{"line":63,"column":9}},"29":{"start":{"line":50,"column":29},"end":{"line":50,"column":60}},"30":{"start":{"line":51,"column":12},"end":{"line":51,"column":63}},"31":{"start":{"line":51,"column":54},"end":{"line":51,"column":63}},"32":{"start":{"line":53,"column":12},"end":{"line":53,"column":48}},"33":{"start":{"line":55,"column":28},"end":{"line":60,"column":14}},"34":{"start":{"line":62,"column":12},"end":{"line":62,"column":41}},"35":{"start":{"line":65,"column":8},"end":{"line":65,"column":56}},"36":{"start":{"line":66,"column":8},"end":{"line":66,"column":24}},"37":{"start":{"line":70,"column":0},"end":{"line":72,"column":1}},"38":{"start":{"line":71,"column":4},"end":{"line":71,"column":11}},"39":{"start":{"line":74,"column":0},"end":{"line":74,"column":26}}},"fnMap":{"0":{"name":"init","decl":{"start":{"line":19,"column":15},"end":{"line":19,"column":19}},"loc":{"start":{"line":19,"column":22},"end":{"line":68,"column":1}},"line":19},"1":{"name":"(anonymous_1)","decl":{"start":{"line":26,"column":22},"end":{"line":26,"column":23}},"loc":{"start":{"line":26,"column":43},"end":{"line":31,"column":5}},"line":26},"2":{"name":"(anonymous_2)","decl":{"start":{"line":27,"column":52},"end":{"line":27,"column":53}},"loc":{"start":{"line":27,"column":61},"end":{"line":30,"column":9}},"line":27},"3":{"name":"(anonymous_3)","decl":{"start":{"line":39,"column":24},"end":{"line":39,"column":25}},"loc":{"start":{"line":39,"column":34},"end":{"line":39,"column":62}},"line":39},"4":{"name":"(anonymous_4)","decl":{"start":{"line":40,"column":25},"end":{"line":40,"column":26}},"loc":{"start":{"line":40,"column":35},"end":{"line":40,"column":75}},"line":40},"5":{"name":"(anonymous_5)","decl":{"start":{"line":42,"column":18},"end":{"line":42,"column":19}},"loc":{"start":{"line":42,"column":30},"end":{"line":67,"column":5}},"line":42}},"branchMap":{"0":{"loc":{"start":{"line":28,"column":12},"end":{"line":28,"column":40}},"type":"if","locations":[{"start":{"line":28,"column":12},"end":{"line":28,"column":40}},{"start":{},"end":{}}],"line":28},"1":{"loc":{"start":{"line":51,"column":12},"end":{"line":51,"column":63}},"type":"if","locations":[{"start":{"line":51,"column":12},"end":{"line":51,"column":63}},{"start":{},"end":{}}],"line":51},"2":{"loc":{"start":{"line":70,"column":0},"end":{"line":72,"column":1}},"type":"if","locations":[{"start":{"line":70,"column":0},"end":{"line":72,"column":1}},{"start":{},"end":{}}],"line":70}},"s":{"0":1,"1":1,"2":1,"3":1,"4":1,"5":1,"6":1,"7":1,"8":1,"9":9,"10":9,"11":9,"12":9,"13":9,"14":9,"15":1,"16":8,"17":8,"18":8,"19":8,"20":7,"21":1,"22":7,"23":1,"24":7,"25":7,"26":7,"27":7,"28":7,"29":3,"30":3,"31":0,"32":3,"33":3,"34":3,"35":7,"36":7,"37":1,"38":0,"39":1},"f":{"0":9,"1":9,"2":9,"3":1,"4":1,"5":7},"b":{"0":[1,8],"1":[0,3],"2":[0,1]},"_coverageSchema":"1a1c01bbd47fc00a2c39e90264f33305004495a9","hash":"2853be507e6f5cd1560ba95226d5ff3f65fb3bf2"}
}
