TN:
SF:script.js
FN:19,init
FN:26,(anonymous_1)
FN:27,(anonymous_2)
FN:39,(anonymous_3)
FN:40,(anonymous_4)
FN:42,(anonymous_5)
FNF:6
FNH:6
FNDA:9,init
FNDA:9,(anonymous_1)
FNDA:9,(anonymous_2)
FNDA:1,(anonymous_3)
FNDA:1,(anonymous_4)
FNDA:7,(anonymous_5)
DA:1,1
DA:2,1
DA:3,1
DA:4,1
DA:5,1
DA:6,1
DA:8,1
DA:16,1
DA:17,1
DA:20,9
DA:22,9
DA:25,9
DA:26,9
DA:27,9
DA:28,9
DA:29,8
DA:33,8
DA:36,8
DA:37,8
DA:39,7
DA:40,7
DA:42,7
DA:43,7
DA:45,7
DA:46,7
DA:49,7
DA:50,3
DA:51,3
DA:53,3
DA:55,3
DA:62,3
DA:65,7
DA:66,7
DA:70,1
DA:71,0
DA:74,1
LF:36
LH:35
BRDA:28,0,0,1
BRDA:28,0,1,8
BRDA:51,1,0,0
BRDA:51,1,1,3
BRDA:70,2,0,0
BRDA:70,2,1,1
BRF:6
BRH:4
end_of_record
